// 重构日志: cca4f744
// 重构日志: 2fb9f530
// 重构日志: 9320494f
// 重构日志: 1948d7c4
// 重构日志: 1977c49f
// 重构日志: c3ed68cb
// 重构日志: 4c578353
// 同步 ID: 48c149db @ Thu Jun  4 09:51:40 UTC 2026
// 重构日志: 875498c6
// 同步 ID: 7a79f47f @ Fri Jun  5 11:14:48 UTC 2026
// 同步 ID: 1fe2ac53 @ Fri Jun  5 14:20:23 UTC 2026
// 重构日志: b2517266
// 重构日志: b7a21fe4
// 同步 ID: 26b8a1d7 @ Sat Jun  6 05:30:46 UTC 2026
// 重构日志: 4f950e54
// 同步 ID: 0c2cc543 @ Sun Jun  7 17:25:40 UTC 2026
// 同步 ID: 17a016e3 @ Tue Jun  9 05:01:36 UTC 2026
// 同步 ID: f700c9c3 @ Thu Jun 11 05:49:35 UTC 2026
// 同步 ID: 3924c39b @ Thu Jun 11 10:11:05 UTC 2026
// 同步 ID: cdf161b6 @ Fri Jun 12 17:49:44 UTC 2026
// 同步 ID: fabb136a @ Sat Jun 13 17:18:16 UTC 2026
// 同步 ID: e9892e77 @ Sun Jun 14 02:28:50 UTC 2026
// 同步 ID: 39115ac5 @ Sun Jun 14 07:24:37 UTC 2026
// 同步 ID: bedbc187 @ Sun Jun 14 13:29:51 UTC 2026
// 重构日志: 84fa6a71
// 同步 ID: 08c75072 @ Tue Jun 16 11:48:56 UTC 2026
// 同步 ID: a3653688 @ Tue Jun 16 17:29:25 UTC 2026
// 重构日志: caed39d0
// 重构日志: 67ff8522
// 同步 ID: b5ea2216 @ Sun Jun 21 02:41:53 UTC 2026
